Build started 1/4/2014 12:01:36 AM.
     1>Project "C:\Users\mona\Downloads\ewaKrab\opengl_wstep0\opengl_wstep.vcxproj" on node 2 (Build target(s)).
     1>Link:
         C:\Program Files\Microsoft Visual Studio 12.0\VC\bin\link.exe /ERRORREPORT:PROMPT /OUT:"C:\Users\mona\Downloads\ewaKrab\opengl_wstep0\Release\opengl_wstep.exe" /INCREMENTAL:NO /NOLOGO kernel32.lib user32.lib gdi32.lib winspool.lib comdlg32.lib advapi32.lib shell32.lib ole32.lib oleaut32.lib uuid.lib odbc32.lib odbccp32.lib /MANIFEST /MANIFESTUAC:"level='asInvoker' uiAccess='false'" /manifest:embed /DEBUG /PDB:"C:\Users\mona\Downloads\ewaKrab\opengl_wstep0\Release\opengl_wstep.pdb" /SUBSYSTEM:CONSOLE /OPT:REF /OPT:ICF /LTCG /TLBID:1 /DYNAMICBASE /NXCOMPAT /IMPLIB:"C:\Users\mona\Downloads\ewaKrab\opengl_wstep0\Release\opengl_wstep.lib" /MACHINE:X86 /SAFESEH Release\gkom.obj
         Release\otoczenie.obj
         Release\plaszczka.obj
         Generating code
         Finished generating code
     1>glut32.lib(glut32.dll) : error LNK2026: module unsafe for SAFESEH image.
     1>glut32.lib(glut32.dll) : error LNK2026: module unsafe for SAFESEH image.
     1>glut32.lib(glut32.dll) : error LNK2026: module unsafe for SAFESEH image.
     1>glut32.lib(glut32.dll) : error LNK2026: module unsafe for SAFESEH image.
     1>glut32.lib(glut32.dll) : error LNK2026: module unsafe for SAFESEH image.
     1>glut32.lib(glut32.dll) : error LNK2026: module unsafe for SAFESEH image.
     1>glut32.lib(glut32.dll) : error LNK2026: module unsafe for SAFESEH image.
     1>glut32.lib(glut32.dll) : error LNK2026: module unsafe for SAFESEH image.
     1>glut32.lib(glut32.dll) : error LNK2026: module unsafe for SAFESEH image.
     1>glut32.lib(glut32.dll) : error LNK2026: module unsafe for SAFESEH image.
     1>glut32.lib(glut32.dll) : error LNK2026: module unsafe for SAFESEH image.
     1>C:\Users\mona\Downloads\ewaKrab\opengl_wstep0\Release\opengl_wstep.exe : fatal error LNK1281: Unable to generate SAFESEH image.
     1>Done Building Project "C:\Users\mona\Downloads\ewaKrab\opengl_wstep0\opengl_wstep.vcxproj" (Build target(s)) -- FAILED.

Build FAILED.

Time Elapsed 00:00:00.29
